<?xml version="1.0" encoding="UTF-8"?>
<!-- Generated by org.testng.reporters.JUnitReportReporter -->
<testsuite skipped="0" hostname="Preethy" name="com.obsqura.testscripts.VerifyLogonameTest" tests="1" failures="0" timestamp="2023-05-07T01:19:28 IST" time="4.014" errors="0">
  <testcase name="verifyUserCanAbletoViewLogoNameisAsPerExpectedLogoName" time="4.014" classname="com.obsqura.testscripts.VerifyLogonameTest"/>
  <system-out/>
</testsuite> <!-- com.obsqura.testscripts.VerifyLogonameTest -->
