<?xml version="1.0" encoding="UTF-8"?>
<!-- Generated by org.testng.reporters.JUnitReportReporter -->
<testsuite skipped="0" hostname="Preethy" name="com.obsqura.testscripts.PushNotificationTest" tests="2" failures="0" timestamp="2023-05-07T01:19:28 IST" time="9.413" errors="0">
  <testcase name="verifyUserCanAbleToSeetheSuccesfullAlertMessageAfterSendingThePushNotificationBySendButton" time="4.454" classname="com.obsqura.testscripts.PushNotificationTest"/>
  <system-out/>
  <testcase name="VerifyUserCAnAbletoSeetheDescrptionAndTitleFieldinBlankWhileClickOnResetButton" time="4.959" classname="com.obsqura.testscripts.PushNotificationTest"/>
  <system-out/>
</testsuite> <!-- com.obsqura.testscripts.PushNotificationTest -->
