<?xml version="1.0" encoding="UTF-8"?>
<!-- Generated by org.testng.reporters.JUnitReportReporter -->
<testsuite skipped="0" hostname="Preethy" name="com.obsqura.testscripts.ManageFooterTextTest" tests="1" failures="0" timestamp="2023-04-28T17:19:36 IST" time="6.385" errors="0">
  <testcase name="update_FooterText" time="6.385" classname="com.obsqura.testscripts.ManageFooterTextTest"/>
  <system-out/>
</testsuite> <!-- com.obsqura.testscripts.ManageFooterTextTest -->
