<?xml version="1.0" encoding="UTF-8"?>
<!-- Generated by org.testng.reporters.JUnitReportReporter -->
<testsuite skipped="0" hostname="Preethy" name="com.obsqura.testscripts.ManageExpenseTest" tests="2" failures="0" timestamp="2023-05-11T20:38:05 IST" time="17.533" errors="0">
  <testcase name="verifytheuserCanviewtheExpectedHeadingsinExpenseDetailsTableHeadings" time="6.662" classname="com.obsqura.testscripts.ManageExpenseTest"/>
  <system-out/>
  <testcase name="verifyWhethertheUserCanAbletoviewAlertMessageafterSuccesfulladdingofNewExpenseCategory" time="10.871" classname="com.obsqura.testscripts.ManageExpenseTest"/>
  <system-out/>
</testsuite> <!-- com.obsqura.testscripts.ManageExpenseTest -->
