<?xml version="1.0" encoding="UTF-8"?>
<!-- Generated by org.testng.reporters.JUnitReportReporter -->
<testsuite skipped="0" hostname="Preethy" name="com.obsqura.testscripts.ManagePagesTest" tests="1" failures="0" timestamp="2023-04-28T17:19:36 IST" time="6.464" errors="0">
  <testcase name="toDeletePages" time="6.464" classname="com.obsqura.testscripts.ManagePagesTest"/>
  <system-out/>
</testsuite> <!-- com.obsqura.testscripts.ManagePagesTest -->
