<?xml version="1.0" encoding="UTF-8"?>
<!-- Generated by org.testng.reporters.JUnitReportReporter -->
<testsuite skipped="0" hostname="Preethy" name="com.obsqura.testscripts.ManageCategoryCategoryTest" tests="2" failures="0" timestamp="2023-05-07T01:19:28 IST" time="13.750" errors="0">
  <testcase name="VerifyUserCanAbletoVisibleTheAlertMessageAftrerSuccesfullAddingofnewCategoryinCategorypageWhileClickOnSaveButton" time="8.169" classname="com.obsqura.testscripts.ManageCategoryCategoryTest"/>
  <system-out/>
  <testcase name="verifytheUserCanAbleToseetheManadatoryMessagewhileaddingnewCategorywithoutEnteringTheManadotoryfieldCategoryWhileClcikOnSaveButton" time="5.581" classname="com.obsqura.testscripts.ManageCategoryCategoryTest"/>
  <system-out/>
</testsuite> <!-- com.obsqura.testscripts.ManageCategoryCategoryTest -->
