<?xml version="1.0" encoding="UTF-8"?>
<!-- Generated by org.testng.reporters.JUnitReportReporter -->
<testsuite skipped="0" hostname="Preethy" name="com.obsqura.testscripts.ManageFooterTextTest" tests="1" failures="0" timestamp="2023-05-07T01:19:28 IST" time="6.179" errors="0">
  <testcase name="verifyUserCanableToViewtheUpdatedFooterTextinformationinFooterTextTableafterClickingOnupdateButton" time="6.179" classname="com.obsqura.testscripts.ManageFooterTextTest"/>
  <system-out/>
</testsuite> <!-- com.obsqura.testscripts.ManageFooterTextTest -->
