<?xml version="1.0" encoding="UTF-8"?>
<!-- Generated by org.testng.reporters.JUnitReportReporter -->
<testsuite skipped="0" hostname="Preethy" name="com.obsqura.testscripts.ManagePaymentMethodsTest" tests="4" failures="0" timestamp="2023-05-11T20:38:05 IST" time="23.143" errors="0">
  <testcase name="verifyUserCanAbletoViewTheUpdatedPayLimitandTitleTogetherinManagePaymentmethodsTableWhileClickOnUpdateButton" time="4.644" classname="com.obsqura.testscripts.ManagePaymentMethodsTest"/>
  <system-out/>
  <testcase name="verifyUserCanAbletoViewTheUpdatedTitleinManagePaymentmethodsTablesWhileClickOnUpdateButton" time="5.189" classname="com.obsqura.testscripts.ManagePaymentMethodsTest"/>
  <system-out/>
  <testcase name="verifyUserCanAbletoViewTheUpdatedPayLimitinManagePaymentmethodsTableWhileClickOnUpdateButton" time="6.165" classname="com.obsqura.testscripts.ManagePaymentMethodsTest"/>
  <system-out/>
  <testcase name="tocheckAlertMessageisShowingafterSuccesfullupdateOfBothTitleandPayLimitinManagePaymentMethod" time="7.145" classname="com.obsqura.testscripts.ManagePaymentMethodsTest"/>
  <system-out/>
</testsuite> <!-- com.obsqura.testscripts.ManagePaymentMethodsTest -->
