<?xml version="1.0" encoding="UTF-8"?>
<!-- Generated by org.testng.reporters.JUnitReportReporter -->
<testsuite skipped="0" hostname="Preethy" name="com.obsqura.testscripts.ManageExpenseTest" tests="2" failures="0" timestamp="2023-05-07T01:19:28 IST" time="14.298" errors="0">
  <testcase name="verifytheuserCanviewtheExpectedHeadingsinExpenseDetailsTableHeadings" time="3.934" classname="com.obsqura.testscripts.ManageExpenseTest"/>
  <system-out/>
  <testcase name="verifyWhethertheUserCanAbletoviewAlertMessageafterSuccesfulladdingofNewExpenseCategory" time="10.364" classname="com.obsqura.testscripts.ManageExpenseTest"/>
  <system-out/>
</testsuite> <!-- com.obsqura.testscripts.ManageExpenseTest -->
