<?xml version="1.0" encoding="UTF-8"?>
<!-- Generated by org.testng.reporters.JUnitReportReporter -->
<testsuite skipped="0" hostname="Preethy" name="com.obsqura.testscripts.ManageCategorySubcategoryTest" tests="3" failures="0" timestamp="2023-05-11T20:38:05 IST" time="27.595" errors="0">
  <testcase name="verifyUserCanAbletoSeeTheAlertMessageafterAddingThenewSubCategoryinSubCategorypageWhileClickOnSaveButton" time="10.262" classname="com.obsqura.testscripts.ManageCategorySubcategoryTest"/>
  <system-out/>
  <testcase name="validatetheNewlyAddedcategoryisShowinginCateegoryTableWhileClickOnSearchButton" time="8.643" classname="com.obsqura.testscripts.ManageCategorySubcategoryTest"/>
  <system-out/>
  <testcase name="VerifyUserCanAbleToviewTheSearchedSubCategoryinListOfSubCategoryTablewhileclickonSearchButton" time="8.690" classname="com.obsqura.testscripts.ManageCategorySubcategoryTest"/>
  <system-out/>
</testsuite> <!-- com.obsqura.testscripts.ManageCategorySubcategoryTest -->
