<?xml version="1.0" encoding="UTF-8"?>
<!-- Generated by org.testng.reporters.JUnitReportReporter -->
<testsuite skipped="0" hostname="Preethy" name="com.obsqura.testscripts.ManageSliderTest" tests="1" failures="0" timestamp="2023-04-28T17:19:36 IST" time="4.789" errors="0">
  <testcase name="new_ListSliders" time="4.789" classname="com.obsqura.testscripts.ManageSliderTest"/>
  <system-out/>
</testsuite> <!-- com.obsqura.testscripts.ManageSliderTest -->
