<?xml version="1.0" encoding="UTF-8"?>
<!-- Generated by org.testng.reporters.JUnitReportReporter -->
<testsuite skipped="0" hostname="Preethy" name="com.obsqura.testscripts.ManageOfferCodeTest" tests="3" failures="0" timestamp="2023-05-11T20:38:05 IST" time="18.975" errors="0">
  <testcase name="ValidateTheSearchOfferCodeIsDispalyingInListOfferCodeTableWhileClickOnSearchButton" time="6.699" classname="com.obsqura.testscripts.ManageOfferCodeTest"/>
  <system-out/>
  <testcase name="VerifyTheUserCanAbletoNavigateTheCorrespondingpageManageGiftcardVoucherPageWhileClickOnMoreInfoIcon" time="5.658" classname="com.obsqura.testscripts.ManageOfferCodeTest"/>
  <system-out/>
  <testcase name="verifyTheUserCanAbletoviewAlertMessageafterSuccesfullAddingOfNewOfferCodeinManageOfferCodePageWhileClickOnSaveButton" time="6.618" classname="com.obsqura.testscripts.ManageOfferCodeTest"/>
  <system-out/>
</testsuite> <!-- com.obsqura.testscripts.ManageOfferCodeTest -->
