<?xml version="1.0" encoding="UTF-8"?>
<!-- Generated by org.testng.reporters.JUnitReportReporter -->
<testsuite skipped="0" hostname="Preethy" name="com.obsqura.testscripts.PushNotificationTest" tests="2" failures="0" timestamp="2023-05-11T20:38:05 IST" time="16.980" errors="0">
  <testcase name="VerifyUserCAnAbletoSeetheDescrptionAndTitleFieldinBlankWhileClickOnResetButton" time="11.905" classname="com.obsqura.testscripts.PushNotificationTest"/>
  <system-out/>
  <testcase name="verifyUserCanAbleToSeetheSuccesfullAlertMessageAfterSendingThePushNotificationBySendButton" time="5.075" classname="com.obsqura.testscripts.PushNotificationTest"/>
  <system-out/>
</testsuite> <!-- com.obsqura.testscripts.PushNotificationTest -->
