<?xml version="1.0" encoding="UTF-8"?>
<!-- Generated by org.testng.reporters.JUnitReportReporter -->
<testsuite skipped="0" hostname="Preethy" name="com.obsqura.testscripts.ExpenseCategoryTest" tests="4" failures="0" timestamp="2023-05-11T20:38:05 IST" time="24.801" errors="0">
  <testcase name="verifyTheUserCanAbletoSeetheNewlyaddedExpenseinTableWhileClickonSaveButton" time="6.218" classname="com.obsqura.testscripts.ExpenseCategoryTest"/>
  <system-out/>
  <testcase name="ValidatetheColorOfNewSearchResetbuttonwithExpectedColor" time="6.402" classname="com.obsqura.testscripts.ExpenseCategoryTest"/>
  <system-out/>
  <testcase name="verifytheUserCanAbletoseeTheTitleFieldIsBlankWhileClickOnResetButton" time="6.001" classname="com.obsqura.testscripts.ExpenseCategoryTest"/>
  <system-out/>
  <testcase name="verifyUserCanAbleToVisibleTheSearchedCategoryinCategoryListTablewhileClickOnSearchButton" time="6.180" classname="com.obsqura.testscripts.ExpenseCategoryTest"/>
  <system-out/>
</testsuite> <!-- com.obsqura.testscripts.ExpenseCategoryTest -->
