<?xml version="1.0" encoding="UTF-8"?>
<!-- Generated by org.testng.reporters.JUnitReportReporter -->
<testsuite skipped="0" hostname="Preethy" name="com.obsqura.testscripts.ManageLocationTest" tests="2" failures="0" timestamp="2023-05-11T20:38:05 IST" time="16.732" errors="0">
  <testcase name="verifyUserCanAbletoViewThethelistofloactionbyCorrespondingSearchwithCountryandStatewhileClickonSearchButton" time="6.913" classname="com.obsqura.testscripts.ManageLocationTest"/>
  <system-out/>
  <testcase name="ValidateTheSuccesfullAlertMessageIsDispalyedafteraddingTheNewLocationtotheManageLocationPage" time="9.819" classname="com.obsqura.testscripts.ManageLocationTest"/>
  <system-out/>
</testsuite> <!-- com.obsqura.testscripts.ManageLocationTest -->
