<?xml version="1.0" encoding="UTF-8"?>
<!-- Generated by org.testng.reporters.JUnitReportReporter -->
<testsuite skipped="1" hostname="Preethy" name="com.obsqura.testscripts.ManageLocationTest" tests="3" failures="0" timestamp="2023-05-07T01:19:28 IST" time="15.843" errors="0">
  <testcase name="ValidateTheSuccesfullAlertMessageIsDispalyedafteraddingTheNewLocationtotheManageLocationPage" time="5.858" classname="com.obsqura.testscripts.ManageLocationTest"/>
  <system-out/>
  <testcase name="verifyUserCanAbletoViewThethelistofloactionbyCorrespondingSearchwithCountryandStatewhileClickonSearchButton" time="4.813" classname="com.obsqura.testscripts.ManageLocationTest">
    <skipped/>
  </testcase> <!-- verifyUserCanAbletoViewThethelistofloactionbyCorrespondingSearchwithCountryandStatewhileClickonSearchButton -->
  <system-out/>
  <testcase name="verifyUserCanAbletoViewThethelistofloactionbyCorrespondingSearchwithCountryandStatewhileClickonSearchButton" time="5.172" classname="com.obsqura.testscripts.ManageLocationTest"/>
  <system-out/>
</testsuite> <!-- com.obsqura.testscripts.ManageLocationTest -->
