<?xml version="1.0" encoding="UTF-8"?>
<!-- Generated by org.testng.reporters.JUnitReportReporter -->
<testsuite skipped="0" hostname="Preethy" name="com.obsqura.testscripts.ManageDeliveryBoyTest" tests="4" failures="0" timestamp="2023-05-11T20:38:05 IST" time="24.651" errors="0">
  <testcase name="ValidateSearchDeleiveryBoyDetailsisDisplayingInListDeliveryBoyTablebyEnteredOnlyNameWhileClickingonSearchbutton" time="4.625" classname="com.obsqura.testscripts.ManageDeliveryBoyTest"/>
  <system-out/>
  <testcase name="ValidatesearchDeleiveryBoyDetailsisDisplayingInListDeliveryBoyTablebyEnteredPhoneonlyWhileClickingonSearchbutton" time="6.011" classname="com.obsqura.testscripts.ManageDeliveryBoyTest"/>
  <system-out/>
  <testcase name="verifyUserCanAbeltoViewtheNewlyAddedDeleiveryBoyDetailsinListOfDeliveryBoyTbleWhileClickOnSaveButton" time="7.665" classname="com.obsqura.testscripts.ManageDeliveryBoyTest"/>
  <system-out/>
  <testcase name="ValidatesearchDeleiveryBoyDetailsisDisplayingInListDeliveryBoyTablebyEnteredEmailonlyWhileClickingonSearchbutton" time="6.350" classname="com.obsqura.testscripts.ManageDeliveryBoyTest"/>
  <system-out/>
</testsuite> <!-- com.obsqura.testscripts.ManageDeliveryBoyTest -->
