<?xml version="1.0" encoding="UTF-8"?>
<!-- Generated by org.testng.reporters.JUnitReportReporter -->
<testsuite skipped="0" hostname="Preethy" name="com.obsqura.testscripts.ManageOfferCodeTest" tests="3" failures="0" timestamp="2023-04-28T17:19:36 IST" time="14.283" errors="0">
  <testcase name="toaddOfferCodein_ManageOfferCodePage" time="5.807" classname="com.obsqura.testscripts.ManageOfferCodeTest"/>
  <system-out/>
  <testcase name="toCheckTheFuctionalityofMoreInfoicon" time="4.083" classname="com.obsqura.testscripts.ManageOfferCodeTest"/>
  <system-out/>
  <testcase name="toSearchOfferCodein_ManageOfferCodePage" time="4.393" classname="com.obsqura.testscripts.ManageOfferCodeTest"/>
  <system-out/>
</testsuite> <!-- com.obsqura.testscripts.ManageOfferCodeTest -->
