<?xml version="1.0" encoding="UTF-8"?>
<!-- Generated by org.testng.reporters.JUnitReportReporter -->
<testsuite skipped="0" hostname="Preethy" name="com.obsqura.testscripts.MobileSliderTest" tests="1" failures="0" timestamp="2023-05-11T20:38:05 IST" time="7.263" errors="0">
  <testcase name="validateTheUserCanAbleToViewTheAlertMessageAfterCreatingTheNewMobileSliderWhileClickOnSaveButton" time="7.263" classname="com.obsqura.testscripts.MobileSliderTest"/>
  <system-out/>
</testsuite> <!-- com.obsqura.testscripts.MobileSliderTest -->
