<?xml version="1.0" encoding="UTF-8"?>
<!-- Generated by org.testng.reporters.JUnitReportReporter -->
<testsuite skipped="0" hostname="Preethy" name="com.obsqura.testscripts.MobileSliderTest" tests="1" failures="0" timestamp="2023-04-28T17:19:36 IST" time="5.779" errors="0">
  <testcase name="tocreatea_newMobileSlider" time="5.779" classname="com.obsqura.testscripts.MobileSliderTest"/>
  <system-out/>
</testsuite> <!-- com.obsqura.testscripts.MobileSliderTest -->
