<?xml version="1.0" encoding="UTF-8"?>
<!-- Generated by org.testng.reporters.JUnitReportReporter -->
<testsuite skipped="0" hostname="Preethy" name="com.obsqura.testscripts.ManageUsersTest" tests="1" failures="0" timestamp="2023-04-20T17:09:05 IST" time="6.544" errors="0">
  <testcase name="toDeleteUser" time="6.544" classname="com.obsqura.testscripts.ManageUsersTest"/>
  <system-out/>
</testsuite> <!-- com.obsqura.testscripts.ManageUsersTest -->
