<?xml version="1.0" encoding="UTF-8"?>
<!-- Generated by org.testng.reporters.JUnitReportReporter -->
<testsuite skipped="0" hostname="Preethy" name="com.obsqura.testscripts.ManageCategoryCategoryTest" tests="2" failures="0" timestamp="2023-04-28T17:19:36 IST" time="14.612" errors="0">
  <testcase name="AddingnewCategoryin_Categorypage" time="8.550" classname="com.obsqura.testscripts.ManageCategoryCategoryTest"/>
  <system-out/>
  <testcase name="verifythenewCategorywillCreate_withoutManadotoryfield_Categoryin_Categorypage" time="6.062" classname="com.obsqura.testscripts.ManageCategoryCategoryTest"/>
  <system-out/>
</testsuite> <!-- com.obsqura.testscripts.ManageCategoryCategoryTest -->
