<?xml version="1.0" encoding="UTF-8"?>
<!-- Generated by org.testng.reporters.JUnitReportReporter -->
<testsuite skipped="0" hostname="Preethy" name="com.obsqura.testscripts.PushNotificationTest" tests="2" failures="0" timestamp="2023-04-28T17:19:36 IST" time="9.504" errors="0">
  <testcase name="Verify_resetButtonFunctionality" time="4.783" classname="com.obsqura.testscripts.PushNotificationTest"/>
  <system-out/>
  <testcase name="tosendPushnotification" time="4.721" classname="com.obsqura.testscripts.PushNotificationTest"/>
  <system-out/>
</testsuite> <!-- com.obsqura.testscripts.PushNotificationTest -->
