<?xml version="1.0" encoding="UTF-8"?>
<!-- Generated by org.testng.reporters.JUnitReportReporter -->
<testsuite skipped="0" hostname="Preethy" name="com.obsqura.testscripts.ExpenseCategoryTest" tests="4" failures="0" timestamp="2023-04-28T17:19:36 IST" time="24.165" errors="0">
  <testcase name="resettheTitle_usingReseButton" time="5.590" classname="com.obsqura.testscripts.ExpenseCategoryTest"/>
  <system-out/>
  <testcase name="addNewExpenseCategory_and_VerifyAddingNewExpenceCategory_presentinTable" time="6.936" classname="com.obsqura.testscripts.ExpenseCategoryTest"/>
  <system-out/>
  <testcase name="VerifycolorofNew_Search_Resetbutton" time="5.274" classname="com.obsqura.testscripts.ExpenseCategoryTest"/>
  <system-out/>
  <testcase name="verifySearchbutton_functionality_andSearchedItemisShowing" time="6.365" classname="com.obsqura.testscripts.ExpenseCategoryTest"/>
  <system-out/>
</testsuite> <!-- com.obsqura.testscripts.ExpenseCategoryTest -->
