<?xml version="1.0" encoding="UTF-8"?>
<!-- Generated by org.testng.reporters.JUnitReportReporter -->
<testsuite skipped="0" hostname="Preethy" name="com.obsqura.testscripts.ManageOfferCodeTest" tests="3" failures="0" timestamp="2023-05-07T01:19:28 IST" time="14.613" errors="0">
  <testcase name="VerifyTheUserCanAbletoNavigateTheCorrespondingpageManageGiftcardVoucherPageWhileClickOnMoreInfoIcon" time="3.984" classname="com.obsqura.testscripts.ManageOfferCodeTest"/>
  <system-out/>
  <testcase name="verifyTheUserCanAbletoviewAlertMessageafterSuccesfullAddingOfNewOfferCodeinManageOfferCodePageWhileClickOnSaveButton" time="5.794" classname="com.obsqura.testscripts.ManageOfferCodeTest"/>
  <system-out/>
  <testcase name="ValidateTheSearchOfferCodeIsDispalyingInListOfferCodeTableWhileClickOnSearchButton" time="4.835" classname="com.obsqura.testscripts.ManageOfferCodeTest"/>
  <system-out/>
</testsuite> <!-- com.obsqura.testscripts.ManageOfferCodeTest -->
