<?xml version="1.0" encoding="UTF-8"?>
<!-- Generated by org.testng.reporters.JUnitReportReporter -->
<testsuite skipped="0" hostname="Preethy" name="com.obsqura.testscripts.ManageCategoryCategoryTest" tests="2" failures="0" timestamp="2023-05-11T20:38:05 IST" time="14.006" errors="0">
  <testcase name="verifytheUserCanAbleToseetheManadatoryMessagewhileaddingnewCategorywithoutEnteringTheManadotoryfieldCategoryWhileClcikOnSaveButton" time="5.538" classname="com.obsqura.testscripts.ManageCategoryCategoryTest"/>
  <system-out/>
  <testcase name="VerifyUserCanAbletoVisibleTheAlertMessageAftrerSuccesfullAddingofnewCategoryinCategorypageWhileClickOnSaveButton" time="8.468" classname="com.obsqura.testscripts.ManageCategoryCategoryTest"/>
  <system-out/>
</testsuite> <!-- com.obsqura.testscripts.ManageCategoryCategoryTest -->
