<?xml version="1.0" encoding="UTF-8"?>
<!-- Generated by org.testng.reporters.JUnitReportReporter -->
<testsuite skipped="0" hostname="Preethy" name="com.obsqura.testscripts.ManageCategorySubcategoryTest" tests="3" failures="0" timestamp="2023-05-07T01:19:28 IST" time="17.764" errors="0">
  <testcase name="VerifyUserCanAbleToviewTheSearchedSubCategoryinListOfSubCategoryTablewhileclickonSearchButton" time="5.340" classname="com.obsqura.testscripts.ManageCategorySubcategoryTest"/>
  <system-out/>
  <testcase name="verifyUserCanAbletoSeeTheAlertMessageafterAddingThenewSubCategoryinSubCategorypageWhileClickOnSaveButton" time="6.896" classname="com.obsqura.testscripts.ManageCategorySubcategoryTest"/>
  <system-out/>
  <testcase name="validatetheNewlyAddedcategoryisShowinginCateegoryTableWhileClickOnSearchButton" time="5.528" classname="com.obsqura.testscripts.ManageCategorySubcategoryTest"/>
  <system-out/>
</testsuite> <!-- com.obsqura.testscripts.ManageCategorySubcategoryTest -->
