<?xml version="1.0" encoding="UTF-8"?>
<!-- Generated by org.testng.reporters.JUnitReportReporter -->
<testsuite skipped="0" hostname="Preethy" name="com.obsqura.testscripts.ManageDeliveryBoyTest" tests="4" failures="0" timestamp="2023-04-28T17:19:36 IST" time="22.505" errors="0">
  <testcase name="addaNew_DeleiveryBoyDetails" time="6.195" classname="com.obsqura.testscripts.ManageDeliveryBoyTest"/>
  <system-out/>
  <testcase name="search_DeleiveryBoyDetailsbyusing_PhoneNo" time="5.114" classname="com.obsqura.testscripts.ManageDeliveryBoyTest"/>
  <system-out/>
  <testcase name="search_DeleiveryBoyDetailsbyusing_Email" time="5.036" classname="com.obsqura.testscripts.ManageDeliveryBoyTest"/>
  <system-out/>
  <testcase name="search_DeleiveryBoyDetailsbyusing_Name" time="6.160" classname="com.obsqura.testscripts.ManageDeliveryBoyTest"/>
  <system-out/>
</testsuite> <!-- com.obsqura.testscripts.ManageDeliveryBoyTest -->
