<?xml version="1.0" encoding="UTF-8"?>
<!-- Generated by org.testng.reporters.JUnitReportReporter -->
<testsuite skipped="0" hostname="Preethy" name="com.obsqura.testscripts.ManagePaymentMethodsTest" tests="4" failures="0" timestamp="2023-05-07T01:19:28 IST" time="20.461" errors="0">
  <testcase name="tocheckAlertMessageisShowingafterSuccesfullupdateOfBothTitleandPayLimitinManagePaymentMethod" time="5.112" classname="com.obsqura.testscripts.ManagePaymentMethodsTest"/>
  <system-out/>
  <testcase name="verifyUserCanAbletoViewTheUpdatedTitleinManagePaymentmethodsTablesWhileClickOnUpdateButton" time="4.972" classname="com.obsqura.testscripts.ManagePaymentMethodsTest"/>
  <system-out/>
  <testcase name="verifyUserCanAbletoViewTheUpdatedPayLimitinManagePaymentmethodsTableWhileClickOnUpdateButton" time="5.380" classname="com.obsqura.testscripts.ManagePaymentMethodsTest"/>
  <system-out/>
  <testcase name="verifyUserCanAbletoViewTheUpdatedPayLimitandTitleTogetherinManagePaymentmethodsTableWhileClickOnUpdateButton" time="4.997" classname="com.obsqura.testscripts.ManagePaymentMethodsTest"/>
  <system-out/>
</testsuite> <!-- com.obsqura.testscripts.ManagePaymentMethodsTest -->
