<?xml version="1.0" encoding="UTF-8"?>
<!-- Generated by org.testng.reporters.JUnitReportReporter -->
<testsuite skipped="0" hostname="Preethy" name="com.obsqura.testscripts.ManagePaymentMethodsTest" tests="4" failures="0" timestamp="2023-04-28T17:19:36 IST" time="21.045" errors="0">
  <testcase name="updateTitlein_ManagePaymentMethod" time="5.703" classname="com.obsqura.testscripts.ManagePaymentMethodsTest"/>
  <system-out/>
  <testcase name="tocheckAlertMessageisShowingWhileupdateBothTitleandPayLimitin_ManagePaymentMethod" time="4.919" classname="com.obsqura.testscripts.ManagePaymentMethodsTest"/>
  <system-out/>
  <testcase name="updatePayLimitin_ManagePaymentMethod" time="4.876" classname="com.obsqura.testscripts.ManagePaymentMethodsTest"/>
  <system-out/>
  <testcase name="updateBothTitleandPayLimitin_ManagePaymentMethod" time="5.547" classname="com.obsqura.testscripts.ManagePaymentMethodsTest"/>
  <system-out/>
</testsuite> <!-- com.obsqura.testscripts.ManagePaymentMethodsTest -->
