<?xml version="1.0" encoding="UTF-8"?>
<!-- Generated by org.testng.reporters.JUnitReportReporter -->
<testsuite skipped="0" hostname="Preethy" name="com.obsqura.testscripts.ManageCategorySubcategoryTest" tests="3" failures="0" timestamp="2023-04-28T17:19:36 IST" time="20.498" errors="0">
  <testcase name="verifythecategoryinNew_SubcategoryPageAndSearchCategoryPageis_Same" time="5.804" classname="com.obsqura.testscripts.ManageCategorySubcategoryTest"/>
  <system-out/>
  <testcase name="toSearchSubCategory_whileclickonSearchButton" time="6.614" classname="com.obsqura.testscripts.ManageCategorySubcategoryTest"/>
  <system-out/>
  <testcase name="AddingnewSubCategoryin_SubCategorypage" time="8.080" classname="com.obsqura.testscripts.ManageCategorySubcategoryTest"/>
  <system-out/>
</testsuite> <!-- com.obsqura.testscripts.ManageCategorySubcategoryTest -->
