<?xml version="1.0" encoding="UTF-8"?>
<!-- Generated by org.testng.reporters.JUnitReportReporter -->
<testsuite skipped="0" hostname="Preethy" name="com.obsqura.testscripts.ManageSliderTest" tests="1" failures="0" timestamp="2023-05-07T01:19:28 IST" time="7.280" errors="0">
  <testcase name="verifyUserCanAbletoViewTheAlertMessageafterAddingThenewListSlidersWhileClickOnSaveButon" time="7.280" classname="com.obsqura.testscripts.ManageSliderTest"/>
  <system-out/>
</testsuite> <!-- com.obsqura.testscripts.ManageSliderTest -->
