<?xml version="1.0" encoding="UTF-8"?>
<!-- Generated by org.testng.reporters.JUnitReportReporter -->
<testsuite skipped="0" hostname="Preethy" name="com.obsqura.testscripts.ManageOfferCodeTest" tests="3" failures="0" timestamp="2023-04-28T17:24:57 IST" time="13.414" errors="0">
  <testcase name="toSearchOfferCodein_ManageOfferCodePage" time="4.329" classname="com.obsqura.testscripts.ManageOfferCodeTest"/>
  <system-out/>
  <testcase name="toCheckTheFuctionalityofMoreInfoicon" time="3.580" classname="com.obsqura.testscripts.ManageOfferCodeTest"/>
  <system-out/>
  <testcase name="toaddOfferCodein_ManageOfferCodePage" time="5.505" classname="com.obsqura.testscripts.ManageOfferCodeTest"/>
  <system-out/>
</testsuite> <!-- com.obsqura.testscripts.ManageOfferCodeTest -->
