<?xml version="1.0" encoding="UTF-8"?>
<!-- Generated by org.testng.reporters.JUnitReportReporter -->
<testsuite skipped="0" hostname="Preethy" name="com.obsqura.testscripts.ExpenseCategoryTest" tests="4" failures="0" timestamp="2023-05-07T01:35:52 IST" time="23.812" errors="0">
  <testcase name="verifyUserCanAbleToVisibleTheSearchedCategoryinCategoryListTablewhileClickOnSearchButton" time="7.213" classname="com.obsqura.testscripts.ExpenseCategoryTest"/>
  <system-out/>
  <testcase name="verifyTheUserCanAbletoSeetheNewlyaddedExpenseinTableWhileClickonSaveButton" time="6.462" classname="com.obsqura.testscripts.ExpenseCategoryTest"/>
  <system-out/>
  <testcase name="ValidatetheColorOfNewSearchResetbuttonwithExpectedColor" time="5.501" classname="com.obsqura.testscripts.ExpenseCategoryTest"/>
  <system-out/>
  <testcase name="verifytheUserCanAbletoseeTheTitleFieldIsBlankWhileClickOnResetButton" time="4.636" classname="com.obsqura.testscripts.ExpenseCategoryTest"/>
  <system-out/>
</testsuite> <!-- com.obsqura.testscripts.ExpenseCategoryTest -->
