<?xml version="1.0" encoding="UTF-8"?>
<!-- Generated by org.testng.reporters.JUnitReportReporter -->
<testsuite skipped="0" hostname="Preethy" name="com.obsqura.testscripts.ManageDeliveryBoyTest" tests="4" failures="0" timestamp="2023-04-28T17:24:57 IST" time="24.193" errors="0">
  <testcase name="search_DeleiveryBoyDetailsbyusing_PhoneNo" time="5.818" classname="com.obsqura.testscripts.ManageDeliveryBoyTest"/>
  <system-out/>
  <testcase name="search_DeleiveryBoyDetailsbyusing_Name" time="5.101" classname="com.obsqura.testscripts.ManageDeliveryBoyTest"/>
  <system-out/>
  <testcase name="search_DeleiveryBoyDetailsbyusing_Email" time="5.140" classname="com.obsqura.testscripts.ManageDeliveryBoyTest"/>
  <system-out/>
  <testcase name="addaNew_DeleiveryBoyDetails" time="8.134" classname="com.obsqura.testscripts.ManageDeliveryBoyTest"/>
  <system-out/>
</testsuite> <!-- com.obsqura.testscripts.ManageDeliveryBoyTest -->
