<?xml version="1.0" encoding="UTF-8"?>
<!-- Generated by org.testng.reporters.JUnitReportReporter -->
<testsuite skipped="0" hostname="Preethy" name="com.obsqura.testscripts.ExpenseCategoryTest" tests="4" failures="0" timestamp="2023-04-28T17:24:57 IST" time="23.693" errors="0">
  <testcase name="VerifycolorofNew_Search_Resetbutton" time="6.714" classname="com.obsqura.testscripts.ExpenseCategoryTest"/>
  <system-out/>
  <testcase name="verifySearchbutton_functionality_andSearchedItemisShowing" time="5.494" classname="com.obsqura.testscripts.ExpenseCategoryTest"/>
  <system-out/>
  <testcase name="resettheTitle_usingReseButton" time="5.601" classname="com.obsqura.testscripts.ExpenseCategoryTest"/>
  <system-out/>
  <testcase name="addNewExpenseCategory_and_VerifyAddingNewExpenceCategory_presentinTable" time="5.884" classname="com.obsqura.testscripts.ExpenseCategoryTest"/>
  <system-out/>
</testsuite> <!-- com.obsqura.testscripts.ExpenseCategoryTest -->
