<?xml version="1.0" encoding="UTF-8"?>
<!-- Generated by org.testng.reporters.JUnitReportReporter -->
<testsuite skipped="0" hostname="Preethy" name="com.obsqura.testscripts.ManageDeliveryBoyTest" tests="4" failures="0" timestamp="2023-05-07T01:35:52 IST" time="22.756" errors="0">
  <testcase name="ValidatesearchDeleiveryBoyDetailsisDisplayingInListDeliveryBoyTablebyEnteredPhoneonlyWhileClickingonSearchbutton" time="5.669" classname="com.obsqura.testscripts.ManageDeliveryBoyTest"/>
  <system-out/>
  <testcase name="ValidatesearchDeleiveryBoyDetailsisDisplayingInListDeliveryBoyTablebyEnteredEmailonlyWhileClickingonSearchbutton" time="4.703" classname="com.obsqura.testscripts.ManageDeliveryBoyTest"/>
  <system-out/>
  <testcase name="ValidateSearchDeleiveryBoyDetailsisDisplayingInListDeliveryBoyTablebyEnteredOnlyNameWhileClickingonSearchbutton" time="5.365" classname="com.obsqura.testscripts.ManageDeliveryBoyTest"/>
  <system-out/>
  <testcase name="verifyUserCanAbeltoViewtheNewlyAddedDeleiveryBoyDetailsinListOfDeliveryBoyTbleWhileClickOnSaveButton" time="7.019" classname="com.obsqura.testscripts.ManageDeliveryBoyTest"/>
  <system-out/>
</testsuite> <!-- com.obsqura.testscripts.ManageDeliveryBoyTest -->
