<?xml version="1.0" encoding="UTF-8"?>
<!-- Generated by org.testng.reporters.JUnitReportReporter -->
<testsuite skipped="0" hostname="Preethy" name="com.obsqura.testscripts.ManageExpenseTest" tests="2" failures="0" timestamp="2023-05-07T01:35:52 IST" time="13.301" errors="0">
  <testcase name="verifytheuserCanviewtheExpectedHeadingsinExpenseDetailsTableHeadings" time="4.036" classname="com.obsqura.testscripts.ManageExpenseTest"/>
  <system-out/>
  <testcase name="verifyWhethertheUserCanAbletoviewAlertMessageafterSuccesfulladdingofNewExpenseCategory" time="9.265" classname="com.obsqura.testscripts.ManageExpenseTest"/>
  <system-out/>
</testsuite> <!-- com.obsqura.testscripts.ManageExpenseTest -->
