<?xml version="1.0" encoding="UTF-8"?>
<!-- Generated by org.testng.reporters.JUnitReportReporter -->
<testsuite skipped="0" hostname="Preethy" name="com.obsqura.testscripts.ManageLocationTest" tests="2" failures="0" timestamp="2023-04-28T17:24:57 IST" time="10.685" errors="0">
  <testcase name="toAddNewLocationtothe_ManageLocationPaged" time="5.168" classname="com.obsqura.testscripts.ManageLocationTest"/>
  <system-out/>
  <testcase name="togetthelistofloactionbySearchingwithCountryandStateinthe_ManageLocationPaged" time="5.517" classname="com.obsqura.testscripts.ManageLocationTest"/>
  <system-out/>
</testsuite> <!-- com.obsqura.testscripts.ManageLocationTest -->
