<?xml version="1.0" encoding="UTF-8"?>
<!-- Generated by org.testng.reporters.JUnitReportReporter -->
<testsuite skipped="0" hostname="Preethy" name="com.obsqura.testscripts.ManageNewsTest" tests="1" failures="0" timestamp="2023-05-07T01:35:52 IST" time="6.092" errors="0">
  <testcase name="VerifyWhetherTheUserCanabletoViewAlertMessageAfterSusccesfullAddingofNewstoManageNewsPagewhileClickOnSaveButton" time="6.092" classname="com.obsqura.testscripts.ManageNewsTest"/>
  <system-out/>
</testsuite> <!-- com.obsqura.testscripts.ManageNewsTest -->
