<?xml version="1.0" encoding="UTF-8"?>
<!-- Generated by org.testng.reporters.JUnitReportReporter -->
<testsuite skipped="0" hostname="Preethy" name="com.obsqura.testscripts.LoginTest" tests="1" failures="0" timestamp="2023-04-28T17:24:57 IST" time="3.255" errors="0">
  <testcase name="loginwithValidusernameandValidPassword" time="3.255" classname="com.obsqura.testscripts.LoginTest"/>
  <system-out/>
</testsuite> <!-- com.obsqura.testscripts.LoginTest -->
