<?xml version="1.0" encoding="UTF-8"?>
<!-- Generated by org.testng.reporters.JUnitReportReporter -->
<testsuite skipped="0" hostname="Preethy" name="com.obsqura.testscripts.ManageCategoryCategoryTest" tests="2" failures="0" timestamp="2023-05-07T01:35:52 IST" time="13.636" errors="0">
  <testcase name="verifytheUserCanAbleToseetheManadatoryMessagewhileaddingnewCategorywithoutEnteringTheManadotoryfieldCategoryWhileClcikOnSaveButton" time="5.976" classname="com.obsqura.testscripts.ManageCategoryCategoryTest"/>
  <system-out/>
  <testcase name="VerifyUserCanAbletoVisibleTheAlertMessageAftrerSuccesfullAddingofnewCategoryinCategorypageWhileClickOnSaveButton" time="7.660" classname="com.obsqura.testscripts.ManageCategoryCategoryTest"/>
  <system-out/>
</testsuite> <!-- com.obsqura.testscripts.ManageCategoryCategoryTest -->
