<?xml version="1.0" encoding="UTF-8"?>
<!-- Generated by org.testng.reporters.JUnitReportReporter -->
<testsuite skipped="0" hostname="Preethy" name="com.obsqura.testscripts.ManageCategorySubcategoryTest" tests="3" failures="0" timestamp="2023-05-07T01:35:52 IST" time="19.547" errors="0">
  <testcase name="validatetheNewlyAddedcategoryisShowinginCateegoryTableWhileClickOnSearchButton" time="6.092" classname="com.obsqura.testscripts.ManageCategorySubcategoryTest"/>
  <system-out/>
  <testcase name="verifyUserCanAbletoSeeTheAlertMessageafterAddingThenewSubCategoryinSubCategorypageWhileClickOnSaveButton" time="7.976" classname="com.obsqura.testscripts.ManageCategorySubcategoryTest"/>
  <system-out/>
  <testcase name="VerifyUserCanAbleToviewTheSearchedSubCategoryinListOfSubCategoryTablewhileclickonSearchButton" time="5.479" classname="com.obsqura.testscripts.ManageCategorySubcategoryTest"/>
  <system-out/>
</testsuite> <!-- com.obsqura.testscripts.ManageCategorySubcategoryTest -->
