<?xml version="1.0" encoding="UTF-8"?>
<!-- Generated by org.testng.reporters.JUnitReportReporter -->
<testsuite skipped="0" hostname="Preethy" name="com.obsqura.testscripts.PushNotificationTest" tests="2" failures="0" timestamp="2023-04-28T17:24:57 IST" time="9.486" errors="0">
  <testcase name="tosendPushnotification" time="4.769" classname="com.obsqura.testscripts.PushNotificationTest"/>
  <system-out/>
  <testcase name="Verify_resetButtonFunctionality" time="4.717" classname="com.obsqura.testscripts.PushNotificationTest"/>
  <system-out/>
</testsuite> <!-- com.obsqura.testscripts.PushNotificationTest -->
