<?xml version="1.0" encoding="UTF-8"?>
<!-- Generated by org.testng.reporters.JUnitReportReporter -->
<testsuite skipped="0" hostname="Preethy" name="com.obsqura.testscripts.ManageNewsTest" tests="1" failures="0" timestamp="2023-04-28T17:24:57 IST" time="5.653" errors="0">
  <testcase name="toAddNewstoManage_NewsPage" time="5.653" classname="com.obsqura.testscripts.ManageNewsTest"/>
  <system-out/>
</testsuite> <!-- com.obsqura.testscripts.ManageNewsTest -->
