<?xml version="1.0" encoding="UTF-8"?>
<!-- Generated by org.testng.reporters.JUnitReportReporter -->
<testsuite skipped="0" hostname="Preethy" name="com.obsqura.testscripts.MobileSliderTest" tests="1" failures="0" timestamp="2023-05-07T01:35:52 IST" time="5.447" errors="0">
  <testcase name="validateTheUserCanAbleToViewTheAlertMessageAfterCreatingTheNewMobileSliderWhileClickOnSaveButton" time="5.447" classname="com.obsqura.testscripts.MobileSliderTest"/>
  <system-out/>
</testsuite> <!-- com.obsqura.testscripts.MobileSliderTest -->
