<?xml version="1.0" encoding="UTF-8"?>
<!-- Generated by org.testng.reporters.JUnitReportReporter -->
<testsuite skipped="0" hostname="Preethy" name="com.obsqura.testscripts.ManageLocationTest" tests="2" failures="0" timestamp="2023-05-07T01:35:52 IST" time="10.900" errors="0">
  <testcase name="ValidateTheSuccesfullAlertMessageIsDispalyedafteraddingTheNewLocationtotheManageLocationPage" time="5.419" classname="com.obsqura.testscripts.ManageLocationTest"/>
  <system-out/>
  <testcase name="verifyUserCanAbletoViewThethelistofloactionbyCorrespondingSearchwithCountryandStatewhileClickonSearchButton" time="5.481" classname="com.obsqura.testscripts.ManageLocationTest"/>
  <system-out/>
</testsuite> <!-- com.obsqura.testscripts.ManageLocationTest -->
