<?xml version="1.0" encoding="UTF-8"?>
<!-- Generated by org.testng.reporters.JUnitReportReporter -->
<testsuite skipped="0" hostname="Preethy" name="com.obsqura.testscripts.ManageExpenseTest" tests="2" failures="0" timestamp="2023-04-28T17:24:57 IST" time="16.526" errors="0">
  <testcase name="verifyExpenseDetailsTable_Headings" time="4.655" classname="com.obsqura.testscripts.ManageExpenseTest"/>
  <system-out/>
  <testcase name="toAddNewExpense" time="11.871" classname="com.obsqura.testscripts.ManageExpenseTest"/>
  <system-out/>
</testsuite> <!-- com.obsqura.testscripts.ManageExpenseTest -->
