<?xml version="1.0" encoding="UTF-8"?>
<!-- Generated by org.testng.reporters.JUnitReportReporter -->
<testsuite skipped="0" hostname="Preethy" name="com.obsqura.testscripts.LoginTest" tests="1" failures="0" timestamp="2023-05-07T01:35:52 IST" time="3.382" errors="0">
  <testcase name="verifyTheUserCanAbletoLoginwithValidusernameandValidPasswordWhileClickonSignInButton" time="3.382" classname="com.obsqura.testscripts.LoginTest"/>
  <system-out/>
</testsuite> <!-- com.obsqura.testscripts.LoginTest -->
