<?xml version="1.0" encoding="UTF-8"?>
<!-- Generated by org.testng.reporters.JUnitReportReporter -->
<testsuite skipped="0" hostname="Preethy" name="com.obsqura.testscripts.ManagePaymentMethodsTest" tests="4" failures="0" timestamp="2023-04-28T17:24:57 IST" time="22.733" errors="0">
  <testcase name="updatePayLimitin_ManagePaymentMethod" time="5.602" classname="com.obsqura.testscripts.ManagePaymentMethodsTest"/>
  <system-out/>
  <testcase name="tocheckAlertMessageisShowingWhileupdateBothTitleandPayLimitin_ManagePaymentMethod" time="5.224" classname="com.obsqura.testscripts.ManagePaymentMethodsTest"/>
  <system-out/>
  <testcase name="updateTitlein_ManagePaymentMethod" time="6.507" classname="com.obsqura.testscripts.ManagePaymentMethodsTest"/>
  <system-out/>
  <testcase name="updateBothTitleandPayLimitin_ManagePaymentMethod" time="5.400" classname="com.obsqura.testscripts.ManagePaymentMethodsTest"/>
  <system-out/>
</testsuite> <!-- com.obsqura.testscripts.ManagePaymentMethodsTest -->
