<?xml version="1.0" encoding="UTF-8"?>
<!-- Generated by org.testng.reporters.JUnitReportReporter -->
<testsuite skipped="0" hostname="Preethy" name="com.obsqura.testscripts.VerifyLogonameTest" tests="1" failures="0" timestamp="2023-04-28T17:24:57 IST" time="3.368" errors="0">
  <testcase name="verifyLogo" time="3.368" classname="com.obsqura.testscripts.VerifyLogonameTest"/>
  <system-out/>
</testsuite> <!-- com.obsqura.testscripts.VerifyLogonameTest -->
